  Source.cpp
C:\Users\Admin\Desktop\project Game of Live\Game Of Live\Game Of Live\Menu.h(33,1): warning C4267: аргумент: преобразование из "size_t" в "int"; возможна потеря данных
C:\Users\Admin\Desktop\project Game of Live\Game Of Live\Game Of Live\Menu.h(35,1): warning C4267: инициализация: преобразование из "size_t" в "int"; возможна потеря данных
C:\Users\Admin\Desktop\project Game of Live\Game Of Live\Game Of Live\Menu.h(36,1): warning C4267: аргумент: преобразование из "size_t" в "int"; возможна потеря данных
C:\Users\Admin\Desktop\project Game of Live\Game Of Live\Game Of Live\Menu.h(43,1): warning C4267: аргумент: преобразование из "size_t" в "int"; возможна потеря данных
C:\Users\Admin\Desktop\project Game of Live\Game Of Live\Game Of Live\Menu.h(45,1): warning C4267: инициализация: преобразование из "size_t" в "int"; возможна потеря данных
C:\Users\Admin\Desktop\project Game of Live\Game Of Live\Game Of Live\Menu.h(46,1): warning C4267: аргумент: преобразование из "size_t" в "int"; возможна потеря данных
C:\Users\Admin\Desktop\project Game of Live\Game Of Live\Game Of Live\Menu.h(77,1): warning C4267: +=: преобразование из "size_t" в "int"; возможна потеря данных
C:\Users\Admin\Desktop\project Game of Live\Game Of Live\Game Of Live\Source.cpp(185,1): warning C4267: =: преобразование из "size_t" в "int"; возможна потеря данных
C:\Users\Admin\Desktop\project Game of Live\Game Of Live\Game Of Live\Source.cpp(348,8): warning C4101: buff: неиспользованная локальная переменная
C:\Users\Admin\Desktop\project Game of Live\Game Of Live\Game Of Live\Source.cpp(509,10): warning C4566: символ, представленный универсальным именем символа "\u2591", невозможно представить в текущей кодовой странице (1251)
C:\Users\Admin\Desktop\project Game of Live\Game Of Live\Game Of Live\Source.cpp(509,10): warning C4566: символ, представленный универсальным именем символа "\u2592", невозможно представить в текущей кодовой странице (1251)
C:\Users\Admin\Desktop\project Game of Live\Game Of Live\Game Of Live\Source.cpp(510,10): warning C4566: символ, представленный универсальным именем символа "\u2592", невозможно представить в текущей кодовой странице (1251)
C:\Users\Admin\Desktop\project Game of Live\Game Of Live\Game Of Live\Source.cpp(510,10): warning C4566: символ, представленный универсальным именем символа "\u2591", невозможно представить в текущей кодовой странице (1251)
C:\Users\Admin\Desktop\project Game of Live\Game Of Live\Game Of Live\Source.cpp(511,10): warning C4566: символ, представленный универсальным именем символа "\u2591", невозможно представить в текущей кодовой странице (1251)
C:\Users\Admin\Desktop\project Game of Live\Game Of Live\Game Of Live\Source.cpp(511,10): warning C4566: символ, представленный универсальным именем символа "\u2592", невозможно представить в текущей кодовой странице (1251)
C:\Users\Admin\Desktop\project Game of Live\Game Of Live\Game Of Live\Source.cpp(512,10): warning C4566: символ, представленный универсальным именем символа "\u2591", невозможно представить в текущей кодовой странице (1251)
C:\Users\Admin\Desktop\project Game of Live\Game Of Live\Game Of Live\Source.cpp(512,10): warning C4566: символ, представленный универсальным именем символа "\u2592", невозможно представить в текущей кодовой странице (1251)
C:\Users\Admin\Desktop\project Game of Live\Game Of Live\Game Of Live\Source.cpp(513,10): warning C4566: символ, представленный универсальным именем символа "\u2593", невозможно представить в текущей кодовой странице (1251)
C:\Users\Admin\Desktop\project Game of Live\Game Of Live\Game Of Live\Source.cpp(513,10): warning C4566: символ, представленный универсальным именем символа "\u2591", невозможно представить в текущей кодовой странице (1251)
C:\Users\Admin\Desktop\project Game of Live\Game Of Live\Game Of Live\Source.cpp(513,10): warning C4566: символ, представленный универсальным именем символа "\u2592", невозможно представить в текущей кодовой странице (1251)
C:\Users\Admin\Desktop\project Game of Live\Game Of Live\Game Of Live\Source.cpp(514,10): warning C4566: символ, представленный универсальным именем символа "\u2593", невозможно представить в текущей кодовой странице (1251)
C:\Users\Admin\Desktop\project Game of Live\Game Of Live\Game Of Live\Source.cpp(514,10): warning C4566: символ, представленный универсальным именем символа "\u2591", невозможно представить в текущей кодовой странице (1251)
C:\Users\Admin\Desktop\project Game of Live\Game Of Live\Game Of Live\Source.cpp(514,10): warning C4566: символ, представленный универсальным именем символа "\u2592", невозможно представить в текущей кодовой странице (1251)
C:\Users\Admin\Desktop\project Game of Live\Game Of Live\Game Of Live\Source.cpp(515,10): warning C4566: символ, представленный универсальным именем символа "\u2593", невозможно представить в текущей кодовой странице (1251)
C:\Users\Admin\Desktop\project Game of Live\Game Of Live\Game Of Live\Source.cpp(515,10): warning C4566: символ, представленный универсальным именем символа "\u2591", невозможно представить в текущей кодовой странице (1251)
C:\Users\Admin\Desktop\project Game of Live\Game Of Live\Game Of Live\Source.cpp(515,10): warning C4566: символ, представленный универсальным именем символа "\u2592", невозможно представить в текущей кодовой странице (1251)
C:\Users\Admin\Desktop\project Game of Live\Game Of Live\Game Of Live\Source.cpp(516,10): warning C4566: символ, представленный универсальным именем символа "\u2593", невозможно представить в текущей кодовой странице (1251)
C:\Users\Admin\Desktop\project Game of Live\Game Of Live\Game Of Live\Source.cpp(516,10): warning C4566: символ, представленный универсальным именем символа "\u2591", невозможно представить в текущей кодовой странице (1251)
C:\Users\Admin\Desktop\project Game of Live\Game Of Live\Game Of Live\Source.cpp(516,10): warning C4566: символ, представленный универсальным именем символа "\u2592", невозможно представить в текущей кодовой странице (1251)
C:\Users\Admin\Desktop\project Game of Live\Game Of Live\Game Of Live\Source.cpp(517,10): warning C4566: символ, представленный универсальным именем символа "\u2593", невозможно представить в текущей кодовой странице (1251)
C:\Users\Admin\Desktop\project Game of Live\Game Of Live\Game Of Live\Source.cpp(517,10): warning C4566: символ, представленный универсальным именем символа "\u2591", невозможно представить в текущей кодовой странице (1251)
C:\Users\Admin\Desktop\project Game of Live\Game Of Live\Game Of Live\Source.cpp(517,10): warning C4566: символ, представленный универсальным именем символа "\u2592", невозможно представить в текущей кодовой странице (1251)
C:\Users\Admin\Desktop\project Game of Live\Game Of Live\Game Of Live\Source.cpp(518,10): warning C4566: символ, представленный универсальным именем символа "\u2593", невозможно представить в текущей кодовой странице (1251)
C:\Users\Admin\Desktop\project Game of Live\Game Of Live\Game Of Live\Source.cpp(518,10): warning C4566: символ, представленный универсальным именем символа "\u2591", невозможно представить в текущей кодовой странице (1251)
C:\Users\Admin\Desktop\project Game of Live\Game Of Live\Game Of Live\Source.cpp(518,10): warning C4566: символ, представленный универсальным именем символа "\u2592", невозможно представить в текущей кодовой странице (1251)
C:\Users\Admin\Desktop\project Game of Live\Game Of Live\Game Of Live\Source.cpp(519,10): warning C4566: символ, представленный универсальным именем символа "\u2593", невозможно представить в текущей кодовой странице (1251)
C:\Users\Admin\Desktop\project Game of Live\Game Of Live\Game Of Live\Source.cpp(519,10): warning C4566: символ, представленный универсальным именем символа "\u2591", невозможно представить в текущей кодовой странице (1251)
C:\Users\Admin\Desktop\project Game of Live\Game Of Live\Game Of Live\Source.cpp(519,10): warning C4566: символ, представленный универсальным именем символа "\u2592", невозможно представить в текущей кодовой странице (1251)
C:\Users\Admin\Desktop\project Game of Live\Game Of Live\Game Of Live\Source.cpp(520,10): warning C4566: символ, представленный универсальным именем символа "\u2593", невозможно представить в текущей кодовой странице (1251)
C:\Users\Admin\Desktop\project Game of Live\Game Of Live\Game Of Live\Source.cpp(520,10): warning C4566: символ, представленный универсальным именем символа "\u00B4", невозможно представить в текущей кодовой странице (1251)
C:\Users\Admin\Desktop\project Game of Live\Game Of Live\Game Of Live\Source.cpp(521,10): warning C4566: символ, представленный универсальным именем символа "\u2593", невозможно представить в текущей кодовой странице (1251)
C:\Users\Admin\Desktop\project Game of Live\Game Of Live\Game Of Live\Source.cpp(522,10): warning C4566: символ, представленный универсальным именем символа "\u2593", невозможно представить в текущей кодовой странице (1251)
C:\Users\Admin\Desktop\project Game of Live\Game Of Live\Game Of Live\Source.cpp(523,10): warning C4566: символ, представленный универсальным именем символа "\u2593", невозможно представить в текущей кодовой странице (1251)
C:\Users\Admin\Desktop\project Game of Live\Game Of Live\Game Of Live\Source.cpp(524,10): warning C4566: символ, представленный универсальным именем символа "\u2593", невозможно представить в текущей кодовой странице (1251)
C:\Users\Admin\Desktop\project Game of Live\Game Of Live\Game Of Live\Source.cpp(525,10): warning C4566: символ, представленный универсальным именем символа "\u2593", невозможно представить в текущей кодовой странице (1251)
C:\Users\Admin\Desktop\project Game of Live\Game Of Live\Game Of Live\Source.cpp(526,10): warning C4566: символ, представленный универсальным именем символа "\u2593", невозможно представить в текущей кодовой странице (1251)
C:\Users\Admin\Desktop\project Game of Live\Game Of Live\Game Of Live\Source.cpp(527,10): warning C4566: символ, представленный универсальным именем символа "\u2593", невозможно представить в текущей кодовой странице (1251)
C:\Users\Admin\Desktop\project Game of Live\Game Of Live\Game Of Live\Source.cpp(532,12): warning C4244: аргумент: преобразование "time_t" в "unsigned int", возможна потеря данных
  Game Of Live.vcxproj -> C:\Users\Admin\Desktop\project Game of Live\Game Of Live\x64\Debug\Game Of Live.exe
